<?xml version="1.0" encoding="UTF-8"?>
<robot generator="Robot 3.2.2 (Python 3.9.0 on win32)" generated="20210319 18:51:03.138" rpa="false">
<suite id="s1" name="Keyword Tests" source="C:\Users\bharati.r.kotta\PycharmProjects\SOAPAutomation\TestCases\keyword_tests.robot">
<test id="s1-t1" name="Test Call Soap Method Add">
<kw name="Create SOAP Client" library="SoapLibrary">
<doc>Loads a WSDL from the given URL and creates a Zeep client.
List all Available operations/methods with INFO log level.</doc>
<arguments>
<arg>${wsdl_calculator}</arg>
</arguments>
<msg timestamp="20210319 18:51:12.061" level="INFO">Connected to: http://www.dneonline.com/calculator.asmx?wsdl</msg>
<msg timestamp="20210319 18:51:12.061" level="INFO">Available operations: dict_keys(['Add', 'Subtract', 'Multiply', 'Divide'])</msg>
<status status="PASS" starttime="20210319 18:51:10.611" endtime="20210319 18:51:12.061"></status>
</kw>
<kw name="Call SOAP Method" library="SoapLibrary">
<doc>If the webservice have simple SOAP operation/method with few arguments, you can call the method with the given
`name` and `args`.</doc>
<arguments>
<arg>Add</arg>
<arg>${first_number}</arg>
<arg>${second_number}</arg>
</arguments>
<assign>
<var>${response}</var>
</assign>
<msg timestamp="20210319 18:51:12.669" level="INFO">${response} = 80</msg>
<status status="PASS" starttime="20210319 18:51:12.061" endtime="20210319 18:51:12.669"></status>
</kw>
<kw name="Should Be Equal As Integers" library="BuiltIn">
<doc>Fails if objects are unequal after converting them to integers.</doc>
<arguments>
<arg>80</arg>
<arg>${response}</arg>
</arguments>
<msg timestamp="20210319 18:51:12.669" level="INFO">Argument types are:
&lt;type 'unicode'&gt;
&lt;class 'int'&gt;</msg>
<status status="PASS" starttime="20210319 18:51:12.669" endtime="20210319 18:51:12.677"></status>
</kw>
<kw name="Log" library="BuiltIn">
<doc>Logs the given message with the given level.</doc>
<arguments>
<arg>${response}</arg>
</arguments>
<msg timestamp="20210319 18:51:12.677" level="INFO">80</msg>
<status status="PASS" starttime="20210319 18:51:12.677" endtime="20210319 18:51:12.677"></status>
</kw>
<status status="PASS" starttime="20210319 18:51:10.611" endtime="20210319 18:51:12.677" critical="yes"></status>
</test>
<test id="s1-t2" name="Test Call Soap Method Subtract">
<kw name="Create SOAP Client" library="SoapLibrary">
<doc>Loads a WSDL from the given URL and creates a Zeep client.
List all Available operations/methods with INFO log level.</doc>
<arguments>
<arg>${wsdl_calculator}</arg>
</arguments>
<msg timestamp="20210319 18:51:13.287" level="INFO">Connected to: http://www.dneonline.com/calculator.asmx?wsdl</msg>
<msg timestamp="20210319 18:51:13.287" level="INFO">Available operations: dict_keys(['Add', 'Subtract', 'Multiply', 'Divide'])</msg>
<status status="PASS" starttime="20210319 18:51:12.685" endtime="20210319 18:51:13.287"></status>
</kw>
<kw name="Call SOAP Method" library="SoapLibrary">
<doc>If the webservice have simple SOAP operation/method with few arguments, you can call the method with the given
`name` and `args`.</doc>
<arguments>
<arg>Subtract</arg>
<arg>${first_number}</arg>
<arg>${second_number}</arg>
</arguments>
<assign>
<var>${response}</var>
</assign>
<msg timestamp="20210319 18:51:13.900" level="INFO">${response} = 20</msg>
<status status="PASS" starttime="20210319 18:51:13.287" endtime="20210319 18:51:13.900"></status>
</kw>
<kw name="Should Be Equal As Integers" library="BuiltIn">
<doc>Fails if objects are unequal after converting them to integers.</doc>
<arguments>
<arg>20</arg>
<arg>${response}</arg>
</arguments>
<msg timestamp="20210319 18:51:13.908" level="INFO">Argument types are:
&lt;type 'unicode'&gt;
&lt;class 'int'&gt;</msg>
<status status="PASS" starttime="20210319 18:51:13.908" endtime="20210319 18:51:13.908"></status>
</kw>
<kw name="Log" library="BuiltIn">
<doc>Logs the given message with the given level.</doc>
<arguments>
<arg>${response}</arg>
</arguments>
<msg timestamp="20210319 18:51:13.916" level="INFO">20</msg>
<status status="PASS" starttime="20210319 18:51:13.908" endtime="20210319 18:51:13.916"></status>
</kw>
<status status="PASS" starttime="20210319 18:51:12.677" endtime="20210319 18:51:13.916" critical="yes"></status>
</test>
<test id="s1-t3" name="Test Call Soap Method Multiply">
<kw name="Create SOAP Client" library="SoapLibrary">
<doc>Loads a WSDL from the given URL and creates a Zeep client.
List all Available operations/methods with INFO log level.</doc>
<arguments>
<arg>${wsdl_calculator}</arg>
</arguments>
<msg timestamp="20210319 18:51:14.701" level="INFO">Connected to: http://www.dneonline.com/calculator.asmx?wsdl</msg>
<msg timestamp="20210319 18:51:14.701" level="INFO">Available operations: dict_keys(['Add', 'Subtract', 'Multiply', 'Divide'])</msg>
<status status="PASS" starttime="20210319 18:51:13.940" endtime="20210319 18:51:14.701"></status>
</kw>
<kw name="Call SOAP Method" library="SoapLibrary">
<doc>If the webservice have simple SOAP operation/method with few arguments, you can call the method with the given
`name` and `args`.</doc>
<arguments>
<arg>Multiply</arg>
<arg>${first_number}</arg>
<arg>${second_number}</arg>
</arguments>
<assign>
<var>${response}</var>
</assign>
<msg timestamp="20210319 18:51:15.350" level="INFO">${response} = 1500</msg>
<status status="PASS" starttime="20210319 18:51:14.701" endtime="20210319 18:51:15.350"></status>
</kw>
<kw name="Should Be Equal As Integers" library="BuiltIn">
<doc>Fails if objects are unequal after converting them to integers.</doc>
<arguments>
<arg>1500</arg>
<arg>${response}</arg>
</arguments>
<msg timestamp="20210319 18:51:15.350" level="INFO">Argument types are:
&lt;type 'unicode'&gt;
&lt;class 'int'&gt;</msg>
<status status="PASS" starttime="20210319 18:51:15.350" endtime="20210319 18:51:15.350"></status>
</kw>
<kw name="Log" library="BuiltIn">
<doc>Logs the given message with the given level.</doc>
<arguments>
<arg>${response}</arg>
</arguments>
<msg timestamp="20210319 18:51:15.350" level="INFO">1500</msg>
<status status="PASS" starttime="20210319 18:51:15.350" endtime="20210319 18:51:15.350"></status>
</kw>
<status status="PASS" starttime="20210319 18:51:13.940" endtime="20210319 18:51:15.350" critical="yes"></status>
</test>
<test id="s1-t4" name="Test Call Soap Method Divide">
<kw name="Create SOAP Client" library="SoapLibrary">
<doc>Loads a WSDL from the given URL and creates a Zeep client.
List all Available operations/methods with INFO log level.</doc>
<arguments>
<arg>${wsdl_calculator}</arg>
</arguments>
<msg timestamp="20210319 18:51:16.121" level="INFO">Connected to: http://www.dneonline.com/calculator.asmx?wsdl</msg>
<msg timestamp="20210319 18:51:16.121" level="INFO">Available operations: dict_keys(['Add', 'Subtract', 'Multiply', 'Divide'])</msg>
<status status="PASS" starttime="20210319 18:51:15.365" endtime="20210319 18:51:16.121"></status>
</kw>
<kw name="Call SOAP Method" library="SoapLibrary">
<doc>If the webservice have simple SOAP operation/method with few arguments, you can call the method with the given
`name` and `args`.</doc>
<arguments>
<arg>Divide</arg>
<arg>${first_number}</arg>
<arg>${second_number}</arg>
</arguments>
<assign>
<var>${response}</var>
</assign>
<msg timestamp="20210319 18:51:16.691" level="INFO">${response} = 2</msg>
<status status="PASS" starttime="20210319 18:51:16.121" endtime="20210319 18:51:16.691"></status>
</kw>
<kw name="Should Be Equal As Integers" library="BuiltIn">
<doc>Fails if objects are unequal after converting them to integers.</doc>
<arguments>
<arg>2</arg>
<arg>${response}</arg>
</arguments>
<msg timestamp="20210319 18:51:16.707" level="INFO">Argument types are:
&lt;type 'unicode'&gt;
&lt;class 'int'&gt;</msg>
<status status="PASS" starttime="20210319 18:51:16.691" endtime="20210319 18:51:16.707"></status>
</kw>
<kw name="Log" library="BuiltIn">
<doc>Logs the given message with the given level.</doc>
<arguments>
<arg>${response}</arg>
</arguments>
<msg timestamp="20210319 18:51:16.707" level="INFO">2</msg>
<status status="PASS" starttime="20210319 18:51:16.707" endtime="20210319 18:51:16.707"></status>
</kw>
<status status="PASS" starttime="20210319 18:51:15.350" endtime="20210319 18:51:16.707" critical="yes"></status>
</test>
<status status="PASS" starttime="20210319 18:51:03.154" endtime="20210319 18:51:16.707"></status>
</suite>
<statistics>
<total>
<stat pass="4" fail="0">Critical Tests</stat>
<stat pass="4" fail="0">All Tests</stat>
</total>
<tag>
</tag>
<suite>
<stat pass="4" fail="0" id="s1" name="Keyword Tests">Keyword Tests</stat>
</suite>
</statistics>
<errors>
</errors>
</robot>
